[2024-05-22 23:31:32] [ INFO ] [PacienteDAOH2:117] iniciando las operaciones de busqueda: claudia@claudia.com
[2024-05-22 23:31:33] [ ERROR] [PacienteDAOH2:134] Versión del archivo de base de datos no soportada ó encabezado de archivo invalido en archivo "C:/Users/emato/C2ClinicaOdontologica.mv.db"
Unsupported database file version or invalid file header in file "C:/Users/emato/C2ClinicaOdontologica.mv.db" [90048-214]
[2024-05-22 23:33:27] [ WARN ] [BD:33] Versión del archivo de base de datos no soportada ó encabezado de archivo invalido en archivo "C:/Users/emato/C2ClinicaOdontologica.mv.db"
Unsupported database file version or invalid file header in file "C:/Users/emato/C2ClinicaOdontologica.mv.db" [90048-214]
[2024-05-22 23:33:43] [ INFO ] [PacienteDAOH2:117] iniciando las operaciones de busqueda: claudia@claudia.com
[2024-05-22 23:33:43] [ ERROR] [PacienteDAOH2:134] Versión del archivo de base de datos no soportada ó encabezado de archivo invalido en archivo "C:/Users/emato/C2ClinicaOdontologica.mv.db"
Unsupported database file version or invalid file header in file "C:/Users/emato/C2ClinicaOdontologica.mv.db" [90048-214]
[2024-05-22 23:33:46] [ INFO ] [PacienteDAOH2:117] iniciando las operaciones de busqueda: claudia@claudia.com
[2024-05-22 23:33:46] [ ERROR] [PacienteDAOH2:134] Versión del archivo de base de datos no soportada ó encabezado de archivo invalido en archivo "C:/Users/emato/C2ClinicaOdontologica.mv.db"
Unsupported database file version or invalid file header in file "C:/Users/emato/C2ClinicaOdontologica.mv.db" [90048-214]
[2024-05-22 23:33:51] [ INFO ] [PacienteDAOH2:117] iniciando las operaciones de busqueda: claudia@claudia.com
[2024-05-22 23:33:51] [ ERROR] [PacienteDAOH2:134] Versión del archivo de base de datos no soportada ó encabezado de archivo invalido en archivo "C:/Users/emato/C2ClinicaOdontologica.mv.db"
Unsupported database file version or invalid file header in file "C:/Users/emato/C2ClinicaOdontologica.mv.db" [90048-214]
[2024-05-22 23:35:06] [ WARN ] [BD:33] Versión del archivo de base de datos no soportada ó encabezado de archivo invalido en archivo "C:/Users/emato/C2ClinicaOdontologica.mv.db"
Unsupported database file version or invalid file header in file "C:/Users/emato/C2ClinicaOdontologica.mv.db" [90048-214]
[2024-05-22 23:35:52] [ WARN ] [BD:33] Versión del archivo de base de datos no soportada ó encabezado de archivo invalido en archivo "C:/Users/emato/C2ClinicaOdontologica.mv.db"
Unsupported database file version or invalid file header in file "C:/Users/emato/C2ClinicaOdontologica.mv.db" [90048-214]
[2024-05-22 23:36:54] [ WARN ] [BD:33] La cantidad de columnas no coincide
Column count does not match; SQL statement:
INSERT INTO PACIENTES (NOMBRE, APELLIDO, CEDULA, FECHA_INGRESO, DOMICILIO_ID) VALUES('Jorgito','Pereyra','123456','2024-05-15',1,'jorge.pereyra@digitalhouse.com'),('Claudia','Heredia','11111111','2024-05-10',2,'claudia@claudia.com'); INSERT INTO DOMICILIOS (CALLE, NUMERO, LOCALIDAD, PROVINCIA) VALUES ('Siempre viva',742,'Springfield','USA'), ('Siempre viva',742,'Springfield','USA') [21002-214]
[2024-05-27 21:39:28] [ INFO ] [BD:30] tabla creada con exito
[2024-05-27 21:48:11] [ INFO ] [BD:30] tabla creada con exito
[2024-05-27 21:49:13] [ INFO ] [BD:30] tabla creada con exito
[2024-05-27 21:49:25] [ INFO ] [PacienteDAOH2:28] inicando la operacion de guardado
[2024-05-27 21:49:25] [ INFO ] [PacienteDAOH2:46] paciente guardado con exito
[2024-05-27 21:50:55] [ INFO ] [PacienteDAOH2:28] inicando la operacion de guardado
[2024-05-27 21:50:55] [ INFO ] [PacienteDAOH2:46] paciente guardado con exito
[2024-05-27 21:50:58] [ INFO ] [PacienteDAOH2:28] inicando la operacion de guardado
[2024-05-27 21:50:58] [ INFO ] [PacienteDAOH2:46] paciente guardado con exito
[2024-05-27 22:10:46] [ INFO ] [BD:30] tabla creada con exito
[2024-05-27 22:10:59] [ INFO ] [PacienteDAOH2:29] inicando la operacion de guardado
[2024-05-27 22:10:59] [ INFO ] [DomicilioDaoH2:24] iniciando la operacion de : Guardado de un domicilio
[2024-05-27 22:10:59] [ INFO ] [PacienteDAOH2:47] paciente guardado con exito
[2024-05-27 22:12:17] [ INFO ] [PacienteDAOH2:58] iniciando la busqueda de un paciente por id: null
[2024-05-27 22:12:17] [ WARN ] [PacienteDAOH2:77] Cannot invoke "java.lang.Integer.intValue()" because "id" is null
[2024-05-27 22:14:41] [ INFO ] [BD:30] tabla creada con exito
[2024-05-27 22:14:58] [ INFO ] [PacienteDAOH2:29] inicando la operacion de guardado
[2024-05-27 22:14:58] [ INFO ] [DomicilioDaoH2:24] iniciando la operacion de : Guardado de un domicilio
[2024-05-27 22:14:58] [ INFO ] [PacienteDAOH2:47] paciente guardado con exito
[2024-05-27 22:15:12] [ INFO ] [PacienteDAOH2:58] iniciando la busqueda de un paciente por id: 3
[2024-05-27 22:15:12] [ INFO ] [DomicilioDaoH2:49] iniciando la operacion de : Buscado de un domicilio
[2024-05-27 22:15:12] [ INFO ] [PacienteDAOH2:84] iniciando la actualizacion de :  Avrilcon id : 3
[2024-05-27 22:15:12] [ INFO ] [DomicilioDaoH2:70] iniciando la operacion de : actualizar un domicilio
[2024-05-27 22:18:02] [ WARN ] [BD:33] Versión del archivo de base de datos no soportada ó encabezado de archivo invalido en archivo "C:/Users/jorge.pereyra/C2ClinicaOdontologica.mv.db"
Unsupported database file version or invalid file header in file "C:/Users/jorge.pereyra/C2ClinicaOdontologica.mv.db" [90048-214]
[2024-05-27 22:18:12] [ WARN ] [BD:33] Versión del archivo de base de datos no soportada ó encabezado de archivo invalido en archivo "C:/Users/jorge.pereyra/C2ClinicaOdontologica.mv.db"
Unsupported database file version or invalid file header in file "C:/Users/jorge.pereyra/C2ClinicaOdontologica.mv.db" [90048-214]
[2024-05-27 22:18:33] [ INFO ] [PacienteDAOH2:29] inicando la operacion de guardado
[2024-05-27 22:18:33] [ INFO ] [DomicilioDaoH2:24] iniciando la operacion de : Guardado de un domicilio
[2024-05-27 22:18:33] [ WARN ] [PacienteDAOH2:51] Versión del archivo de base de datos no soportada ó encabezado de archivo invalido en archivo "C:/Users/jorge.pereyra/C2ClinicaOdontologica.mv.db"
Unsupported database file version or invalid file header in file "C:/Users/jorge.pereyra/C2ClinicaOdontologica.mv.db" [90048-214]
[2024-05-27 22:19:58] [ INFO ] [BD:30] tabla creada con exito
[2024-05-27 20:31:32] [ INFO ] [BD:30] tabla creada con exito
[2024-05-27 20:33:22] [ INFO ] [BD:30] tabla creada con exito
[2024-05-27 20:35:26] [ INFO ] [BD:30] tabla creada con exito
[2024-05-27 20:39:32] [ INFO ] [BD:30] tabla creada con exito
[2024-05-27 20:39:51] [ INFO ] [PacienteDAOH2:58] iniciando la busqueda de un paciente por id: 1
[2024-05-27 20:39:51] [ INFO ] [DomicilioDaoH2:49] iniciando la operacion de : Buscado de un domicilio
[2024-05-27 20:55:02] [ INFO ] [BD:30] tabla creada con exito
[2024-05-27 20:56:02] [ INFO ] [PacienteDAOH2:117] iniciando la busqueda de todos los pacientes
[2024-05-27 20:56:02] [ INFO ] [DomicilioDaoH2:49] iniciando la operacion de : Buscado de un domicilio
[2024-05-27 20:56:02] [ INFO ] [DomicilioDaoH2:49] iniciando la operacion de : Buscado de un domicilio
[2024-05-27 21:01:28] [ INFO ] [BD:30] tabla creada con exito
[2024-05-27 21:02:07] [ INFO ] [PacienteDAOH2:127] iniciando la busqueda de todos los pacientes
[2024-05-27 21:02:07] [ INFO ] [DomicilioDaoH2:49] iniciando la operacion de : Buscado de un domicilio
[2024-05-27 21:02:07] [ INFO ] [DomicilioDaoH2:49] iniciando la operacion de : Buscado de un domicilio
[2024-05-27 21:04:20] [ INFO ] [PacienteDAOH2:29] inicando la operacion de guardado
[2024-05-27 21:04:20] [ INFO ] [DomicilioDaoH2:24] iniciando la operacion de : Guardado de un domicilio
[2024-05-27 21:04:20] [ INFO ] [PacienteDAOH2:47] paciente guardado con exito
[2024-05-27 21:04:26] [ INFO ] [PacienteDAOH2:29] inicando la operacion de guardado
[2024-05-27 21:04:26] [ INFO ] [DomicilioDaoH2:24] iniciando la operacion de : Guardado de un domicilio
[2024-05-27 21:04:26] [ INFO ] [PacienteDAOH2:47] paciente guardado con exito
[2024-05-27 21:06:27] [ WARN ] [BD:33] Versión del archivo de base de datos no soportada ó encabezado de archivo invalido en archivo "C:/Users/carol.velez/C2ClinicaOdontologica.mv.db"
Unsupported database file version or invalid file header in file "C:/Users/carol.velez/C2ClinicaOdontologica.mv.db" [90048-214]
[2024-05-27 21:06:39] [ INFO ] [PacienteDAOH2:29] inicando la operacion de guardado
[2024-05-27 21:06:39] [ INFO ] [DomicilioDaoH2:24] iniciando la operacion de : Guardado de un domicilio
[2024-05-27 21:06:39] [ WARN ] [PacienteDAOH2:51] Versión del archivo de base de datos no soportada ó encabezado de archivo invalido en archivo "C:/Users/carol.velez/C2ClinicaOdontologica.mv.db"
Unsupported database file version or invalid file header in file "C:/Users/carol.velez/C2ClinicaOdontologica.mv.db" [90048-214]
[2024-05-27 21:14:19] [ WARN ] [BD:35] Versión del archivo de base de datos no soportada ó encabezado de archivo invalido en archivo "C:/Users/carol.velez/C2ClinicaOdontologica.mv.db"
Unsupported database file version or invalid file header in file "C:/Users/carol.velez/C2ClinicaOdontologica.mv.db" [90048-214]
[2024-05-27 21:15:33] [ INFO ] [PacienteDAOH2:29] inicando la operacion de guardado
[2024-05-27 21:15:33] [ INFO ] [DomicilioDaoH2:24] iniciando la operacion de : Guardado de un domicilio
[2024-05-27 21:15:34] [ WARN ] [PacienteDAOH2:51] La base de datos puede que ya esté siendo utilizada: "C:/Users/carol.velez/C2ClinicaOdontologica.mv.db". Soluciones Posibles: cierre todas las otras conexiones; use el modo server
Database may be already in use: "C:/Users/carol.velez/C2ClinicaOdontologica.mv.db". Possible solutions: close all other connection(s); use the server mode [90020-214]
[2024-05-27 21:15:56] [ INFO ] [PacienteDAOH2:29] inicando la operacion de guardado
[2024-05-27 21:15:56] [ INFO ] [DomicilioDaoH2:24] iniciando la operacion de : Guardado de un domicilio
[2024-05-27 21:15:56] [ WARN ] [PacienteDAOH2:51] Versión del archivo de base de datos no soportada ó encabezado de archivo invalido en archivo "C:/Users/carol.velez/C2ClinicaOdontologica.mv.db"
Unsupported database file version or invalid file header in file "C:/Users/carol.velez/C2ClinicaOdontologica.mv.db" [90048-214]
[2024-05-27 21:17:17] [ INFO ] [PacienteDAOH2:29] inicando la operacion de guardado
[2024-05-27 21:17:17] [ INFO ] [DomicilioDaoH2:24] iniciando la operacion de : Guardado de un domicilio
[2024-05-27 21:17:17] [ WARN ] [PacienteDAOH2:51] Versión del archivo de base de datos no soportada ó encabezado de archivo invalido en archivo "C:/Users/carol.velez/C2ClinicaOdontologica.mv.db"
Unsupported database file version or invalid file header in file "C:/Users/carol.velez/C2ClinicaOdontologica.mv.db" [90048-214]
[2024-05-27 21:17:36] [ INFO ] [PacienteDAOH2:29] inicando la operacion de guardado
[2024-05-27 21:17:36] [ INFO ] [DomicilioDaoH2:24] iniciando la operacion de : Guardado de un domicilio
[2024-05-27 21:17:36] [ WARN ] [PacienteDAOH2:51] Versión del archivo de base de datos no soportada ó encabezado de archivo invalido en archivo "C:/Users/carol.velez/C2ClinicaOdontologica.mv.db"
Unsupported database file version or invalid file header in file "C:/Users/carol.velez/C2ClinicaOdontologica.mv.db" [90048-214]
[2024-05-27 21:24:32] [ INFO ] [BD:30] tabla creada con exito
[2024-05-27 21:47:30] [ INFO ] [BD:39] tabla creada con exito
[2024-05-27 21:48:35] [ INFO ] [PacienteDAOH2:29] inicando la operacion de guardado
[2024-05-27 21:48:35] [ INFO ] [DomicilioDaoH2:24] iniciando la operacion de : Guardado de un domicilio
[2024-05-27 21:48:35] [ INFO ] [PacienteDAOH2:47] paciente guardado con exito
[2024-05-27 21:48:41] [ INFO ] [PacienteDAOH2:29] inicando la operacion de guardado
[2024-05-27 21:48:41] [ INFO ] [DomicilioDaoH2:24] iniciando la operacion de : Guardado de un domicilio
[2024-05-27 21:48:41] [ INFO ] [PacienteDAOH2:47] paciente guardado con exito
[2024-05-27 21:53:50] [ INFO ] [BD:39] tabla creada con exito
[2024-05-27 22:00:37] [ INFO ] [BD:39] tabla creada con exito
[2024-05-27 22:03:39] [ INFO ] [BD:39] tabla creada con exito
[2024-05-27 22:03:47] [ INFO ] [OdontologoDAOH2:21] Iniciando el guardado de odontologos
[2024-05-27 22:03:47] [ INFO ] [OdontologoDAOH2:35] Odontologo guardado con exito
[2024-05-27 22:24:05] [ INFO ] [BD:39] tabla creada con exito
[2024-05-27 22:24:53] [ INFO ] [OdontologoDAOH2:46] iniciando la busqueda de un odontologo por id: 1
[2024-05-27 22:44:31] [ INFO ] [BD:39] tabla creada con exito
[2024-05-27 22:45:05] [ INFO ] [OdontologoDAOH2:48] iniciando la busqueda de un odontologo por id: 1
[2024-05-27 22:45:12] [ INFO ] [OdontologoDAOH2:103] iniciando la busqueda de todos los odontologos
[2024-05-27 22:45:12] [ ERROR] [OdontologoDAOH2:116] No hay datos disponibles.
No data is available [2000-214]
[2024-05-27 22:45:19] [ INFO ] [OdontologoDAOH2:24] Iniciando el guardado de odontologos
[2024-05-27 22:45:19] [ INFO ] [OdontologoDAOH2:38] Odontologo guardado con exito
[2024-05-27 22:45:21] [ INFO ] [OdontologoDAOH2:24] Iniciando el guardado de odontologos
[2024-05-27 22:45:21] [ INFO ] [OdontologoDAOH2:38] Odontologo guardado con exito
[2024-05-27 22:45:24] [ INFO ] [OdontologoDAOH2:103] iniciando la busqueda de todos los odontologos
[2024-05-27 22:45:24] [ ERROR] [OdontologoDAOH2:116] No hay datos disponibles.
No data is available [2000-214]
[2024-05-27 22:46:26] [ INFO ] [OdontologoDAOH2:48] iniciando la busqueda de un odontologo por id: null
[2024-05-27 22:46:26] [ WARN ] [OdontologoDAOH2:62] Cannot invoke "java.lang.Integer.intValue()" because "id" is null
[2024-05-27 22:47:30] [ INFO ] [PacienteDAOH2:58] iniciando la busqueda de un paciente por id: null
[2024-05-27 22:47:30] [ WARN ] [PacienteDAOH2:77] Cannot invoke "java.lang.Integer.intValue()" because "id" is null
[2024-05-27 22:48:50] [ INFO ] [PacienteDAOH2:58] iniciando la busqueda de un paciente por id: 3
[2024-05-27 22:50:31] [ INFO ] [PacienteDAOH2:127] iniciando la busqueda de todos los pacientes
[2024-05-27 22:50:31] [ INFO ] [DomicilioDaoH2:49] iniciando la operacion de : Buscado de un domicilio
[2024-05-27 22:50:31] [ INFO ] [DomicilioDaoH2:49] iniciando la operacion de : Buscado de un domicilio
[2024-05-27 22:50:37] [ INFO ] [PacienteDAOH2:29] inicando la operacion de guardado
[2024-05-27 22:50:37] [ INFO ] [DomicilioDaoH2:24] iniciando la operacion de : Guardado de un domicilio
[2024-05-27 22:50:37] [ INFO ] [PacienteDAOH2:47] paciente guardado con exito
[2024-05-27 22:50:53] [ INFO ] [PacienteDAOH2:58] iniciando la busqueda de un paciente por id: 3
[2024-05-27 22:50:53] [ INFO ] [DomicilioDaoH2:49] iniciando la operacion de : Buscado de un domicilio
[2024-05-27 22:50:53] [ INFO ] [PacienteDAOH2:84] iniciando la actualizacion de : miguel con id : 3
[2024-05-27 22:50:53] [ INFO ] [DomicilioDaoH2:70] iniciando la operacion de : actualizar un domicilio
[2024-05-27 22:50:58] [ INFO ] [PacienteDAOH2:29] inicando la operacion de guardado
[2024-05-27 22:50:58] [ INFO ] [DomicilioDaoH2:24] iniciando la operacion de : Guardado de un domicilio
[2024-05-27 22:50:58] [ INFO ] [PacienteDAOH2:47] paciente guardado con exito
[2024-05-27 22:51:04] [ INFO ] [PacienteDAOH2:127] iniciando la busqueda de todos los pacientes
[2024-05-27 22:51:04] [ INFO ] [DomicilioDaoH2:49] iniciando la operacion de : Buscado de un domicilio
[2024-05-27 22:51:04] [ INFO ] [DomicilioDaoH2:49] iniciando la operacion de : Buscado de un domicilio
[2024-05-27 22:51:04] [ INFO ] [DomicilioDaoH2:49] iniciando la operacion de : Buscado de un domicilio
[2024-05-27 22:51:04] [ INFO ] [DomicilioDaoH2:49] iniciando la operacion de : Buscado de un domicilio
[2024-05-27 22:51:14] [ INFO ] [OdontologoDAOH2:24] Iniciando el guardado de odontologos
[2024-05-27 22:51:14] [ INFO ] [OdontologoDAOH2:38] Odontologo guardado con exito
[2024-05-27 22:51:16] [ INFO ] [OdontologoDAOH2:24] Iniciando el guardado de odontologos
[2024-05-27 22:51:16] [ INFO ] [OdontologoDAOH2:38] Odontologo guardado con exito
[2024-05-27 22:51:43] [ INFO ] [OdontologoDAOH2:48] iniciando la busqueda de un odontologo por id: 6
[2024-05-27 22:51:43] [ INFO ] [OdontologoDAOH2:69] iniciando la actualizacion de : omar con id : 6
[2024-05-27 22:51:43] [ WARN ] [OdontologoDAOH2:81] Parametro "#4" no está fijado
Parameter "#4" is not set; SQL statement:
UPDATE ODONTOLOGOS SET NUMERO_MATRICULA=?,NOMBRE=?, APELLIDO=? WHERE ID=? [90012-214]
[2024-05-27 22:52:31] [ INFO ] [OdontologoDAOH2:24] Iniciando el guardado de odontologos
[2024-05-27 22:52:31] [ INFO ] [OdontologoDAOH2:38] Odontologo guardado con exito
[2024-05-27 22:52:40] [ INFO ] [OdontologoDAOH2:48] iniciando la busqueda de un odontologo por id: 4
[2024-05-27 22:53:09] [ INFO ] [OdontologoDAOH2:48] iniciando la busqueda de un odontologo por id: 6
[2024-05-27 22:53:09] [ INFO ] [OdontologoDAOH2:69] iniciando la actualizacion de : miguel con id : 6
[2024-05-27 22:53:09] [ WARN ] [OdontologoDAOH2:81] Parametro "#4" no está fijado
Parameter "#4" is not set; SQL statement:
UPDATE ODONTOLOGOS SET NUMERO_MATRICULA=?,NOMBRE=?, APELLIDO=? WHERE ID=? [90012-214]
[2024-05-27 22:53:12] [ INFO ] [OdontologoDAOH2:48] iniciando la busqueda de un odontologo por id: 4
[2024-05-27 22:53:16] [ INFO ] [OdontologoDAOH2:48] iniciando la busqueda de un odontologo por id: 4
[2024-05-27 22:53:23] [ INFO ] [OdontologoDAOH2:48] iniciando la busqueda de un odontologo por id: 4
[2024-05-27 22:53:23] [ INFO ] [OdontologoDAOH2:69] iniciando la actualizacion de : miguel con id : 4
[2024-05-27 22:53:23] [ WARN ] [OdontologoDAOH2:81] Parametro "#4" no está fijado
Parameter "#4" is not set; SQL statement:
UPDATE ODONTOLOGOS SET NUMERO_MATRICULA=?,NOMBRE=?, APELLIDO=? WHERE ID=? [90012-214]
[2024-05-27 22:53:26] [ INFO ] [OdontologoDAOH2:48] iniciando la busqueda de un odontologo por id: 4
[2024-05-27 22:53:55] [ INFO ] [OdontologoDAOH2:48] iniciando la busqueda de un odontologo por id: 4
[2024-05-27 22:53:55] [ INFO ] [OdontologoDAOH2:69] iniciando la actualizacion de : miguel con id : 4
[2024-05-27 22:53:55] [ WARN ] [OdontologoDAOH2:81] Parametro "#4" no está fijado
Parameter "#4" is not set; SQL statement:
UPDATE ODONTOLOGOS SET NUMERO_MATRICULA=?,NOMBRE=?, APELLIDO=? WHERE ID=? [90012-214]
[2024-05-27 22:53:59] [ INFO ] [OdontologoDAOH2:48] iniciando la busqueda de un odontologo por id: 4
[2024-05-27 22:54:00] [ INFO ] [OdontologoDAOH2:48] iniciando la busqueda de un odontologo por id: 4
[2024-05-27 22:54:44] [ INFO ] [OdontologoDAOH2:48] iniciando la busqueda de un odontologo por id: 4
[2024-05-27 22:54:53] [ INFO ] [OdontologoDAOH2:48] iniciando la busqueda de un odontologo por id: 4
[2024-05-27 22:54:53] [ INFO ] [OdontologoDAOH2:69] iniciando la actualizacion de : miguel con id : 4
[2024-05-27 22:54:53] [ WARN ] [OdontologoDAOH2:81] Parametro "#4" no está fijado
Parameter "#4" is not set; SQL statement:
UPDATE ODONTOLOGOS SET NUMERO_MATRICULA=?,NOMBRE=?, APELLIDO=? WHERE ID=? [90012-214]
[2024-05-27 22:54:57] [ INFO ] [OdontologoDAOH2:48] iniciando la busqueda de un odontologo por id: 4
[2024-05-27 22:55:12] [ INFO ] [OdontologoDAOH2:48] iniciando la busqueda de un odontologo por id: 4
[2024-05-27 22:55:23] [ INFO ] [OdontologoDAOH2:48] iniciando la busqueda de un odontologo por id: 4
[2024-05-27 22:55:23] [ INFO ] [OdontologoDAOH2:69] iniciando la actualizacion de : miguel con id : 4
[2024-05-27 22:55:23] [ WARN ] [OdontologoDAOH2:81] Parametro "#4" no está fijado
Parameter "#4" is not set; SQL statement:
UPDATE ODONTOLOGOS SET NUMERO_MATRICULA=?,NOMBRE=?, APELLIDO=? WHERE ID=? [90012-214]
[2024-05-27 22:55:30] [ INFO ] [OdontologoDAOH2:48] iniciando la busqueda de un odontologo por id: 4
[2024-05-27 23:02:23] [ INFO ] [PacienteDAOH2:127] iniciando la busqueda de todos los pacientes
[2024-05-27 23:02:23] [ INFO ] [DomicilioDaoH2:49] iniciando la operacion de : Buscado de un domicilio
[2024-05-27 23:02:23] [ INFO ] [DomicilioDaoH2:49] iniciando la operacion de : Buscado de un domicilio
[2024-05-27 23:02:23] [ INFO ] [DomicilioDaoH2:49] iniciando la operacion de : Buscado de un domicilio
[2024-05-27 23:02:23] [ INFO ] [DomicilioDaoH2:49] iniciando la operacion de : Buscado de un domicilio
[2024-05-27 23:04:08] [ INFO ] [BD:39] tabla creada con exito
[2024-05-27 23:04:21] [ INFO ] [PacienteDAOH2:127] iniciando la busqueda de todos los pacientes
[2024-05-27 23:04:21] [ INFO ] [DomicilioDaoH2:49] iniciando la operacion de : Buscado de un domicilio
[2024-05-27 23:04:21] [ INFO ] [DomicilioDaoH2:49] iniciando la operacion de : Buscado de un domicilio
[2024-05-27 23:04:35] [ INFO ] [PacienteDAOH2:127] iniciando la busqueda de todos los pacientes
[2024-05-27 23:04:35] [ INFO ] [DomicilioDaoH2:49] iniciando la operacion de : Buscado de un domicilio
[2024-05-27 23:04:35] [ INFO ] [DomicilioDaoH2:49] iniciando la operacion de : Buscado de un domicilio
[2024-05-27 23:04:42] [ INFO ] [PacienteDAOH2:29] inicando la operacion de guardado
[2024-05-27 23:04:42] [ INFO ] [DomicilioDaoH2:24] iniciando la operacion de : Guardado de un domicilio
[2024-05-27 23:04:42] [ INFO ] [PacienteDAOH2:47] paciente guardado con exito
[2024-05-27 23:04:44] [ INFO ] [PacienteDAOH2:127] iniciando la busqueda de todos los pacientes
[2024-05-27 23:04:44] [ INFO ] [DomicilioDaoH2:49] iniciando la operacion de : Buscado de un domicilio
[2024-05-27 23:04:44] [ INFO ] [DomicilioDaoH2:49] iniciando la operacion de : Buscado de un domicilio
[2024-05-27 23:04:44] [ INFO ] [DomicilioDaoH2:49] iniciando la operacion de : Buscado de un domicilio
[2024-05-27 23:09:20] [ INFO ] [BD:39] tabla creada con exito
[2024-05-27 23:10:10] [ WARN ] [BD:42] Versión del archivo de base de datos no soportada ó encabezado de archivo invalido en archivo "C:/Users/carol.velez/C2ClinicaOdontologica.mv.db"
Unsupported database file version or invalid file header in file "C:/Users/carol.velez/C2ClinicaOdontologica.mv.db" [90048-214]
[2024-05-27 23:10:45] [ WARN ] [BD:42] Versión del archivo de base de datos no soportada ó encabezado de archivo invalido en archivo "C:/Users/carol.velez/C2ClinicaOdontologica.mv.db"
Unsupported database file version or invalid file header in file "C:/Users/carol.velez/C2ClinicaOdontologica.mv.db" [90048-214]
[2024-05-27 23:39:56] [ INFO ] [BD:39] tabla creada con exito
[2024-05-27 23:40:01] [ INFO ] [PacienteDAOH2:127] iniciando la busqueda de todos los pacientes
[2024-05-27 23:40:01] [ INFO ] [DomicilioDaoH2:49] iniciando la operacion de : Buscado de un domicilio
[2024-05-27 23:40:01] [ INFO ] [DomicilioDaoH2:49] iniciando la operacion de : Buscado de un domicilio
[2024-05-27 23:41:24] [ INFO ] [BD:39] tabla creada con exito
